<?xml version="1.0" encoding="UTF-8"?>
<testng-results skipped="0" failed="0" ignored="0" total="10" passed="10">
  <reporter-output>
  </reporter-output>
  <suite name="AgJunction API check" duration-ms="4626" started-at="2019-01-22T11:07:42Z" finished-at="2019-01-22T11:07:47Z">
    <groups>
    </groups>
    <test name="User-management" duration-ms="4626" started-at="2019-01-22T11:07:42Z" finished-at="2019-01-22T11:07:47Z">
      <class name="com.qa.tester.GetAPIwithHeaders">
        <test-method status="PASS" signature="setup()[pri:0, instance:com.qa.tester.GetAPIwithHeaders@71423665]" name="setup" is-config="true" duration-ms="20" started-at="2019-01-22T11:07:42Z" finished-at="2019-01-22T11:07:42Z">
          <reporter-output>
          </reporter-output>
        </test-method> <!-- setup -->
        <test-method status="PASS" signature="getAPITestWithHeaders()[pri:0, instance:com.qa.tester.GetAPIwithHeaders@71423665]" name="getAPITestWithHeaders" duration-ms="1431" started-at="2019-01-22T11:07:42Z" finished-at="2019-01-22T11:07:44Z">
          <reporter-output>
          </reporter-output>
        </test-method> <!-- getAPITestWithHeaders -->
        <test-method status="PASS" signature="validateResponseData()[pri:0, instance:com.qa.tester.GetAPIwithHeaders@71423665]" name="validateResponseData" duration-ms="0" started-at="2019-01-22T11:07:44Z" finished-at="2019-01-22T11:07:44Z">
          <reporter-output>
          </reporter-output>
        </test-method> <!-- validateResponseData -->
        <test-method status="PASS" signature="teardown()[pri:0, instance:com.qa.tester.GetAPIwithHeaders@71423665]" name="teardown" is-config="true" duration-ms="0" started-at="2019-01-22T11:07:44Z" finished-at="2019-01-22T11:07:44Z">
          <reporter-output>
          </reporter-output>
        </test-method> <!-- teardown -->
        <test-method status="PASS" signature="validateHeaders()[pri:0, instance:com.qa.tester.GetAPIwithHeaders@71423665]" name="validateHeaders" duration-ms="0" started-at="2019-01-22T11:07:44Z" finished-at="2019-01-22T11:07:44Z">
          <reporter-output>
          </reporter-output>
        </test-method> <!-- validateHeaders -->
        <test-method status="PASS" signature="validateStatusCode()[pri:0, instance:com.qa.tester.GetAPIwithHeaders@71423665]" name="validateStatusCode" duration-ms="0" started-at="2019-01-22T11:07:44Z" finished-at="2019-01-22T11:07:44Z">
          <reporter-output>
          </reporter-output>
        </test-method> <!-- validateStatusCode -->
      </class> <!-- com.qa.tester.GetAPIwithHeaders -->
      <class name="com.qa.tester.PostAPITest">
        <test-method status="PASS" signature="setup()[pri:0, instance:com.qa.tester.PostAPITest@6fc6f14e]" name="setup" is-config="true" duration-ms="0" started-at="2019-01-22T11:07:46Z" finished-at="2019-01-22T11:07:46Z">
          <reporter-output>
          </reporter-output>
        </test-method> <!-- setup -->
        <test-method status="PASS" signature="PostAPItest()[pri:0, instance:com.qa.tester.PostAPITest@6fc6f14e]" name="PostAPItest" duration-ms="932" started-at="2019-01-22T11:07:46Z" finished-at="2019-01-22T11:07:47Z">
          <reporter-output>
          </reporter-output>
        </test-method> <!-- PostAPItest -->
        <test-method status="PASS" signature="teardown()[pri:0, instance:com.qa.tester.PostAPITest@6fc6f14e]" name="teardown" is-config="true" duration-ms="0" started-at="2019-01-22T11:07:47Z" finished-at="2019-01-22T11:07:47Z">
          <reporter-output>
          </reporter-output>
        </test-method> <!-- teardown -->
      </class> <!-- com.qa.tester.PostAPITest -->
      <class name="com.qa.tester.GetAPIwithoutHeaders">
        <test-method status="PASS" signature="getAPITestWithoutHeaders()[pri:0, instance:com.qa.tester.GetAPIwithoutHeaders@20398b7c]" name="getAPITestWithoutHeaders" duration-ms="2235" started-at="2019-01-22T11:07:44Z" finished-at="2019-01-22T11:07:46Z">
          <reporter-output>
          </reporter-output>
        </test-method> <!-- getAPITestWithoutHeaders -->
        <test-method status="PASS" signature="setup()[pri:0, instance:com.qa.tester.GetAPIwithoutHeaders@20398b7c]" name="setup" is-config="true" duration-ms="0" started-at="2019-01-22T11:07:44Z" finished-at="2019-01-22T11:07:44Z">
          <reporter-output>
          </reporter-output>
        </test-method> <!-- setup -->
        <test-method status="PASS" signature="validateHeadersInResponse()[pri:0, instance:com.qa.tester.GetAPIwithoutHeaders@20398b7c]" name="validateHeadersInResponse" duration-ms="1" started-at="2019-01-22T11:07:46Z" finished-at="2019-01-22T11:07:46Z">
          <reporter-output>
          </reporter-output>
        </test-method> <!-- validateHeadersInResponse -->
        <test-method status="PASS" signature="teardown()[pri:0, instance:com.qa.tester.GetAPIwithoutHeaders@20398b7c]" name="teardown" is-config="true" duration-ms="0" started-at="2019-01-22T11:07:46Z" finished-at="2019-01-22T11:07:46Z">
          <reporter-output>
          </reporter-output>
        </test-method> <!-- teardown -->
        <test-method status="PASS" signature="validateResponseTime()[pri:0, instance:com.qa.tester.GetAPIwithoutHeaders@20398b7c]" name="validateResponseTime" duration-ms="0" started-at="2019-01-22T11:07:46Z" finished-at="2019-01-22T11:07:46Z">
          <reporter-output>
          </reporter-output>
        </test-method> <!-- validateResponseTime -->
        <test-method status="PASS" signature="validateResponseData()[pri:0, instance:com.qa.tester.GetAPIwithoutHeaders@20398b7c]" name="validateResponseData" duration-ms="0" started-at="2019-01-22T11:07:46Z" finished-at="2019-01-22T11:07:46Z">
          <reporter-output>
          </reporter-output>
        </test-method> <!-- validateResponseData -->
        <test-method status="PASS" signature="validateStatusCode()[pri:0, instance:com.qa.tester.GetAPIwithoutHeaders@20398b7c]" name="validateStatusCode" duration-ms="0" started-at="2019-01-22T11:07:46Z" finished-at="2019-01-22T11:07:46Z">
          <reporter-output>
          </reporter-output>
        </test-method> <!-- validateStatusCode -->
      </class> <!-- com.qa.tester.GetAPIwithoutHeaders -->
    </test> <!-- User-management -->
  </suite> <!-- AgJunction API check -->
</testng-results>
